<?xml version="1.0" encoding="UTF-8"?>
<testng-results ignored="0" total="4" passed="4" failed="0" skipped="0">
  <reporter-output>
    <line>
      <![CDATA[<a target="_blank" href=D:\ScreenShotlogin.jpg>ScrenShot</a>]]>
    </line>
    <line>
      <![CDATA[==============================================================================================]]>
    </line>
    <line>
      <![CDATA[Total Passed: 1(+1), Failures: 0(+0), Skips: 0(+0)]]>
    </line>
    <line>
      <![CDATA[==============================================================================================]]>
    </line>
    <line>
      <![CDATA[==============================================================================================]]>
    </line>
    <line>
      <![CDATA[Total Passed: 2(+1), Failures: 0(+0), Skips: 0(+0)]]>
    </line>
    <line>
      <![CDATA[==============================================================================================]]>
    </line>
    <line>
      <![CDATA[<a target="_blank" href=D:\ScreenShotaddCustomer.jpg>ScrenShot</a>]]>
    </line>
    <line>
      <![CDATA[<a target="_blank" href=D:\ScreenShotaddCustomer.jpg>ScrenShot</a>]]>
    </line>
    <line>
      <![CDATA[<a target="_blank" href=D:\ScreenShotaddCustomer.jpg>ScrenShot</a>]]>
    </line>
  </reporter-output>
  <suite started-at="2021-09-28T13:17:45Z" name="Data Driven Testing" finished-at="2021-09-28T13:18:44Z" duration-ms="58375">
    <groups>
    </groups>
    <test started-at="2021-09-28T13:17:45Z" name="Test1" finished-at="2021-09-28T13:17:50Z" duration-ms="4432">
      <class name="crg.TestCases.Login">
        <test-method signature="login()[pri:0, instance:crg.TestCases.Login@a8c1f44]" started-at="2021-09-28T18:47:45Z" name="login" finished-at="2021-09-28T18:47:50Z" duration-ms="4154" status="PASS">
          <reporter-output>
            <line>
              <![CDATA[<a target="_blank" href=D:\ScreenShotlogin.jpg>ScrenShot</a>]]>
            </line>
          </reporter-output>
        </test-method> <!-- login -->
      </class> <!-- crg.TestCases.Login -->
    </test> <!-- Test1 -->
    <test started-at="2021-09-28T13:17:50Z" name="Test2" finished-at="2021-09-28T13:18:44Z" duration-ms="53884">
      <class name="crg.TestCases.AddCustomer">
        <test-method is-config="true" signature="setup()[pri:0, instance:crg.TestCases.AddCustomer@6b5894c8]" started-at="2021-09-28T18:47:27Z" name="setup" finished-at="2021-09-28T18:47:45Z" duration-ms="18442" status="PASS">
          <reporter-output>
          </reporter-output>
        </test-method> <!-- setup -->
        <test-method signature="addCustomer(java.lang.String, java.lang.String, java.lang.String)[pri:0, instance:crg.TestCases.AddCustomer@6b5894c8]" started-at="2021-09-28T18:47:50Z" name="addCustomer" data-provider="getData" finished-at="2021-09-28T18:48:08Z" duration-ms="17805" status="PASS">
          <params>
            <param index="0">
              <value>
                <![CDATA[Nandkumar]]>
              </value>
            </param>
            <param index="1">
              <value>
                <![CDATA[Jagtap]]>
              </value>
            </param>
            <param index="2">
              <value>
                <![CDATA[13.0]]>
              </value>
            </param>
          </params>
          <reporter-output>
            <line>
              <![CDATA[<a target="_blank" href=D:\ScreenShotaddCustomer.jpg>ScrenShot</a>]]>
            </line>
          </reporter-output>
        </test-method> <!-- addCustomer -->
        <test-method signature="addCustomer(java.lang.String, java.lang.String, java.lang.String)[pri:0, instance:crg.TestCases.AddCustomer@6b5894c8]" started-at="2021-09-28T18:48:08Z" name="addCustomer" data-provider="getData" finished-at="2021-09-28T18:48:26Z" duration-ms="17596" status="PASS">
          <params>
            <param index="0">
              <value>
                <![CDATA[Sachine]]>
              </value>
            </param>
            <param index="1">
              <value>
                <![CDATA[kale]]>
              </value>
            </param>
            <param index="2">
              <value>
                <![CDATA[34.0]]>
              </value>
            </param>
          </params>
          <reporter-output>
            <line>
              <![CDATA[<a target="_blank" href=D:\ScreenShotaddCustomer.jpg>ScrenShot</a>]]>
            </line>
          </reporter-output>
        </test-method> <!-- addCustomer -->
        <test-method signature="addCustomer(java.lang.String, java.lang.String, java.lang.String)[pri:0, instance:crg.TestCases.AddCustomer@6b5894c8]" started-at="2021-09-28T18:48:26Z" name="addCustomer" data-provider="getData" finished-at="2021-09-28T18:48:43Z" duration-ms="17533" status="PASS">
          <params>
            <param index="0">
              <value>
                <![CDATA[jay]]>
              </value>
            </param>
            <param index="1">
              <value>
                <![CDATA[kadam]]>
              </value>
            </param>
            <param index="2">
              <value>
                <![CDATA[35.0]]>
              </value>
            </param>
          </params>
          <reporter-output>
            <line>
              <![CDATA[<a target="_blank" href=D:\ScreenShotaddCustomer.jpg>ScrenShot</a>]]>
            </line>
          </reporter-output>
        </test-method> <!-- addCustomer -->
      </class> <!-- crg.TestCases.AddCustomer -->
    </test> <!-- Test2 -->
  </suite> <!-- Data Driven Testing -->
</testng-results>
