<?xml version="1.0" encoding="UTF-8"?>
<!-- Generated by org.testng.reporters.JUnitXMLReporter -->
<testsuite ignored="0" hostname="Nandkumars" failures="1" tests="2" name="Soft Assert" time="0.004" errors="0" timestamp="27 Aug 2021 14:40:15 GMT">
  <testcase classname="testng.SoftAssertTest" name="method1" time="0.002"/>
  <testcase classname="testng.SoftAssertTest" name="method2" time="0.0">
    <failure type="java.lang.AssertionError" message="The following asserts failed:
	Text box is not present expected [Paython] but found [Java],
	button is absent expected [false] but found [true]">
      <![CDATA[java.lang.AssertionError: The following asserts failed:Text box is not present expected [Paython] but found [Java],button is absent expected [false] but found [true]at testng.SoftAssertTest.method2(SoftAssertTest.java:27)... Removed 27 stack frames]]>
    </failure>
  </testcase> <!-- method2 -->
</testsuite> <!-- Soft Assert -->
