<?xml version="1.0" encoding="UTF-8"?>
<testsuite name="Test2"
           tests="3"
           failures="0"
           errors="0"
           skipped="0"
           time="52.934">
  <properties />
  
  
            <testcase name="addCustomer" time="17.596" classname="crg.TestCases.AddCustomer" />
                <testcase name="addCustomer" time="17.805" classname="crg.TestCases.AddCustomer" />
                <testcase name="addCustomer" time="17.533" classname="crg.TestCases.AddCustomer" />
      
</testsuite>
