<?xml version="1.0" encoding="ISO-8859-1" ?>
<!DOCTYPE html PUBLIC "-//W3C//DTD XHTML 1.0 Strict//EN"
"http://www.w3.org/TR/xhtml1/DTD/xhtml1-strict.dtd">
<html xmlns="http://www.w3.org/1999/xhtml" xml:lang="en" lang="en">
<head>
  <meta http-equiv="Content-Type" content="text/html;charset=utf-8" />
  <meta name="description" content="TestNG unit test results." />
  <link href="css/bootstrap.min.css" rel="stylesheet" />
  <link href="css/reportngClass.css" rel="stylesheet" />
  <script type="text/javascript" src="js/reportngClass.js"></script>
  <script type="text/javascript" src="js/jquery-1.4.4.min.js"></script> 
  <script type="text/javascript" src="js/jquery.tablesorter.min.js"></script>
  <script type="text/javascript" src="js/json-min.js"></script>
  <script type="text/javascript">
	$(document).ready(function(){
		$('.tablesorter').tablesorter({sortList: [[0,0]]});
	});
  </script>
</head>
<body onload="doParse(); return false;" onkeypress="collapseExpand();">
<div class="well well-large">
	<b>Test Info</>
	<table class="table">
	  <tr>
	    <th>Test Name : </th>
	    <th>
	    	<div class="tooltipCustom">
	    		<img src="images/copy.png" width="10" height="15" alt="Copy to Clipboard" onclick="copyToClipboard('#testNameId')"/>
	    		<span class="tooltiptextCustom">Copy Test name</span>
			</div>
	    </th>
	    <th id="testNameId">Test2</th> 
	  </tr>
	  <tr>
	    <th>Test Class : </th>
	    <th>
	    	<div class="tooltipCustom">
	    		<img src="images/copy.png" width="10" height="15" alt="Copy to Clipboard" onclick="copyToClipboard('#testClassId')"/>
	    		<span class="tooltiptextCustom">Copy full path Class name</span>
			</div>
	    	<div class="tooltipCustom">
	    		<img src="images/copy.png" width="10" height="15" alt="Copy to Clipboard" onclick="copyToClipboard('#testClassNameId')"/>
	    		<span class="tooltiptextCustom">Copy Class name</span>
			</div>
	    </th> 
	    <th id="testClassId">crg.Testcases.AddCustomer</th>
	    <th id="testClassNameId" hidden="true">AddCustomer</th>
	  </tr>
	  <tr>
	    <th>Suite Name : </th>
	    <th>
	    	<div class="tooltipCustom">
	    		<img src="images/copy.png" width="10" height="15" alt="Copy to Clipboard" onclick="copyToClipboard('#suiteNameId')"/>
	    		<span class="tooltiptextCustom">Copy Suite name</span>
			</div>
		</th>
	    <th id="suiteNameId">Data Drivern Basic</th>
	  </tr>
	  <tr>
	    <th>Suite XML : </th>
	    <th>
	    	<div class="tooltipCustom">
	    		<img src="images/copy.png" width="10" height="15" alt="Copy to Clipboard" onclick="copyToClipboard('#suiteXMLId')"/>
	    		<span class="tooltiptextCustom">Copy Suite full path name</span>
			</div>
	    	<div class="tooltipCustom">
	    		<img src="images/copy.png" width="10" height="15" alt="Copy to Clipboard" onclick="copyToClipboard('#suiteXMLNameId')"/>
	    		<span class="tooltiptextCustom">Copy Suite file name</span>
			</div>
	    </th> 
	  	<th id="suiteXMLId">C:\Users\NANDKUMAR JAGTAP\eclipse-workspace\CRG-Emperform\src\test\resources\runner\testng.xml</th>
	  	<th id="suiteXMLNameId" hidden="true">testng.xml</th>
	  </tr>
	  	  <tr>
	    <th>Total Time : </th>
	    <th></th>
	    <th>00:00:00</th> 
	  </tr>
	  <tr>
	    <th>Total Steps : </th>
	   	<th></th>
	    <th>1</th> 
	  </tr>
	  <tr>
	    <th>Status : </th>
	    <th></th>
	    <th><font color="yellow">SKIP</font></th> 
	  </tr>
	</table>
</div>
<div class="well well-large">
	<div class="row">
		<div class="col-xs-12">
	        <div class="text-right">
	            <button id="hideResults" type="button" class="btn-danger" onclick="collapseExpand(this);" onkeypress="collapseExpand(this);" class="btn pull-right" title="Click or Press Any key to collapse/expand All Failed Tests and Configuration Methods">Show Only Failures</button>
	        </div>
	    </div>
	</div>
	<table class="tablesorter" border="1">
		<thead>
		<tr>
		<th class="headerTime">Time</th>
		<th class="headerTime" width="12%">Info</th>
		<th class="headerTime" width="88%">Test</th>
		</tr>
		</thead>
		<tbody>
		
									<tr>
		<td class="time">1632797741694</td>
		<td class="header failedConfig" colspan="4" onClick="toggleElement('65f836da-06b5-4a42-9d70-5780f9da0a55','block');changeSingleIcon('span-65f836da-06b5-4a42-9d70-5780f9da0a55');" title="Click to expand/collapse" style="cursor: pointer;">
		<div style="float:left;"><i>Class&nbsp;:&nbsp;</i>crg.Testcases.AddCustomer</div>
		<div style="float:right;">@BeforeSuite &nbsp;&nbsp;<span id='span-65f836da-06b5-4a42-9d70-5780f9da0a55' class="glyphicon glyphicon-menu-down"></span></div>
		</td>
	</tr>
			<tr>
		<td class="time">1632797741694</td>
		<td class="methodConfiguration">
				<span class="description"><b>Class: </b>class crg.BaseClass.BaseClass</span><br>
		<span class="description"><b>Method: </b>setup</span><br>
				<span class="duration"><b>Duration: </b>3.738s</span><br>
		</td>
		<td class="resultConfiguration">
										<div class="stackTrace" id="65f836da-06b5-4a42-9d70-5780f9da0a55">
								<a href="javascript:toggleElement('exception-65f836da-06b5-4a42-9d70-5780f9da0a55','block')" title="Click to expand/collapse"><b>org.openqa.selenium.WebDriverException: unknown error: net::ERR_INTERNET_DISCONNECTED<br/>
&nbsp; (Session info: chrome=94.0.4606.61)<br/>
Build info: version: &apos;4.0.0-alpha-5&apos;, revision: &apos;b3a0d621cc&apos;<br/>
System info: host: &apos;LAPTOP-3QU9VO6Q&apos;, ip: &apos;127.0.0.1&apos;, os.name: &apos;Windows 10&apos;, os.arch: &apos;amd64&apos;, os.version: &apos;10.0&apos;, java.version: &apos;11.0.12&apos;<br/>
Driver info: org.openqa.selenium.chrome.ChromeDriver<br/>
Capabilities {acceptInsecureCerts: false, browserName: chrome, browserVersion: 94.0.4606.61, chrome: {chromedriverVersion: 94.0.4606.41 (333e85df3c9b6..., userDataDir: C:\Users\NANDKU~1\AppData\L...}, goog:chromeOptions: {debuggerAddress: localhost:54657}, javascriptEnabled: true, networkConnectionEnabled: false, pageLoadStrategy: normal, platform: WINDOWS, platformName: WINDOWS, proxy: Proxy(), setWindowRect: true, strictFileInteractability: false, timeouts: {implicit: 0, pageLoad: 300000, script: 30000}, unhandledPromptBehavior: dismiss and notify, webauthn:extension:credBlob: true, webauthn:extension:largeBlob: true, webauthn:virtualAuthenticators: true}<br/>
Session ID: e67f6724ec7857d4c7075722d92ae7ae</b></a><br>
		    <div class="stackTrace" id="exception-65f836da-06b5-4a42-9d70-5780f9da0a55">
							java.base/jdk.internal.reflect.NativeConstructorAccessorImpl.newInstance0(Native Method)<br>
							java.base/jdk.internal.reflect.NativeConstructorAccessorImpl.newInstance(NativeConstructorAccessorImpl.java:62)<br>
							java.base/jdk.internal.reflect.DelegatingConstructorAccessorImpl.newInstance(DelegatingConstructorAccessorImpl.java:45)<br>
							java.base/java.lang.reflect.Constructor.newInstance(Constructor.java:490)<br>
							org.openqa.selenium.remote.codec.w3c.W3CHttpResponseCodec.createException(W3CHttpResponseCodec.java:196)<br>
							org.openqa.selenium.remote.codec.w3c.W3CHttpResponseCodec.decode(W3CHttpResponseCodec.java:129)<br>
							org.openqa.selenium.remote.codec.w3c.W3CHttpResponseCodec.decode(W3CHttpResponseCodec.java:53)<br>
							org.openqa.selenium.remote.HttpCommandExecutor.execute(HttpCommandExecutor.java:161)<br>
							org.openqa.selenium.remote.service.DriverCommandExecutor.execute(DriverCommandExecutor.java:83)<br>
							org.openqa.selenium.remote.RemoteWebDriver.execute(RemoteWebDriver.java:582)<br>
							org.openqa.selenium.remote.RemoteWebDriver.get(RemoteWebDriver.java:282)<br>
							crg.BaseClass.BaseClass.setup(BaseClass.java:63)<br>
							java.base/jdk.internal.reflect.NativeMethodAccessorImpl.invoke0(Native Method)<br>
							java.base/jdk.internal.reflect.NativeMethodAccessorImpl.invoke(NativeMethodAccessorImpl.java:62)<br>
							java.base/jdk.internal.reflect.DelegatingMethodAccessorImpl.invoke(DelegatingMethodAccessorImpl.java:43)<br>
							java.base/java.lang.reflect.Method.invoke(Method.java:566)<br>
							org.testng.internal.MethodInvocationHelper.invokeMethod(MethodInvocationHelper.java:124)<br>
							org.testng.internal.MethodInvocationHelper.invokeMethodConsideringTimeout(MethodInvocationHelper.java:59)<br>
							org.testng.internal.Invoker.invokeConfigurationMethod(Invoker.java:451)<br>
							org.testng.internal.Invoker.invokeConfigurations(Invoker.java:222)<br>
							org.testng.internal.Invoker.invokeConfigurations(Invoker.java:142)<br>
							org.testng.SuiteRunner.privateRun(SuiteRunner.java:401)<br>
							org.testng.SuiteRunner.run(SuiteRunner.java:364)<br>
							org.testng.SuiteRunnerWorker.runSuite(SuiteRunnerWorker.java:52)<br>
							org.testng.SuiteRunnerWorker.run(SuiteRunnerWorker.java:84)<br>
							org.testng.TestNG.runSuitesSequentially(TestNG.java:1187)<br>
							org.testng.TestNG.runSuitesLocally(TestNG.java:1116)<br>
							org.testng.TestNG.runSuites(TestNG.java:1028)<br>
							org.testng.TestNG.run(TestNG.java:996)<br>
							org.testng.remote.AbstractRemoteTestNG.run(AbstractRemoteTestNG.java:115)<br>
							org.testng.remote.RemoteTestNG.initAndRun(RemoteTestNG.java:251)<br>
							org.testng.remote.RemoteTestNG.main(RemoteTestNG.java:77)<br>
									</div>
				</div>
		</td>
	</tr>
						
				
				
				
											<tr>
	<td class="time">1632797745566</td>
	<td class="header skipped" colspan="4" onClick="toggleElement('75128d2e-ebe4-4aee-8e2d-2df2d9028f49','block');changeSingleIcon('span-75128d2e-ebe4-4aee-8e2d-2df2d9028f49');" title="Click to expand/collapse" style="cursor: pointer;">
	<div style="float:left;"><i>Class&nbsp;:&nbsp;</i>crg.Testcases.AddCustomer</div>
	<div style="float:right;">@Test @ with DataProvider : ["getData"] &nbsp;&nbsp;<span id='span-75128d2e-ebe4-4aee-8e2d-2df2d9028f49' class="glyphicon glyphicon-menu-down"></span></div>
	</td>
	</tr>
<tr>
	<td class="time">1632797745566</td>
	<td class="methodTest">
		<span class="description"><b>Method: </b>addCustomer</span><br>
							<span class="duration"><b>Duration: </b>0.000s</span><br>
	</td>
	<td class="result">
		 									<div class="stackTrace" id="75128d2e-ebe4-4aee-8e2d-2df2d9028f49" style="display: block;">
						<a href="javascript:toggleElement('exception-75128d2e-ebe4-4aee-8e2d-2df2d9028f49','block')" title="Click to expand/collapse"><b>org.openqa.selenium.WebDriverException: unknown error: net::ERR_INTERNET_DISCONNECTED<br/>
&nbsp; (Session info: chrome=94.0.4606.61)<br/>
Build info: version: &apos;4.0.0-alpha-5&apos;, revision: &apos;b3a0d621cc&apos;<br/>
System info: host: &apos;LAPTOP-3QU9VO6Q&apos;, ip: &apos;127.0.0.1&apos;, os.name: &apos;Windows 10&apos;, os.arch: &apos;amd64&apos;, os.version: &apos;10.0&apos;, java.version: &apos;11.0.12&apos;<br/>
Driver info: org.openqa.selenium.chrome.ChromeDriver<br/>
Capabilities {acceptInsecureCerts: false, browserName: chrome, browserVersion: 94.0.4606.61, chrome: {chromedriverVersion: 94.0.4606.41 (333e85df3c9b6..., userDataDir: C:\Users\NANDKU~1\AppData\L...}, goog:chromeOptions: {debuggerAddress: localhost:54657}, javascriptEnabled: true, networkConnectionEnabled: false, pageLoadStrategy: normal, platform: WINDOWS, platformName: WINDOWS, proxy: Proxy(), setWindowRect: true, strictFileInteractability: false, timeouts: {implicit: 0, pageLoad: 300000, script: 30000}, unhandledPromptBehavior: dismiss and notify, webauthn:extension:credBlob: true, webauthn:extension:largeBlob: true, webauthn:virtualAuthenticators: true}<br/>
Session ID: e67f6724ec7857d4c7075722d92ae7ae</b></a><br/>
		<div class="stackTrace" id="exception-75128d2e-ebe4-4aee-8e2d-2df2d9028f49">
					java.base/jdk.internal.reflect.NativeConstructorAccessorImpl.newInstance0(Native Method)<br/>
					java.base/jdk.internal.reflect.NativeConstructorAccessorImpl.newInstance(NativeConstructorAccessorImpl.java:62)<br/>
					java.base/jdk.internal.reflect.DelegatingConstructorAccessorImpl.newInstance(DelegatingConstructorAccessorImpl.java:45)<br/>
					java.base/java.lang.reflect.Constructor.newInstance(Constructor.java:490)<br/>
					org.openqa.selenium.remote.codec.w3c.W3CHttpResponseCodec.createException(W3CHttpResponseCodec.java:196)<br/>
					org.openqa.selenium.remote.codec.w3c.W3CHttpResponseCodec.decode(W3CHttpResponseCodec.java:129)<br/>
					org.openqa.selenium.remote.codec.w3c.W3CHttpResponseCodec.decode(W3CHttpResponseCodec.java:53)<br/>
					org.openqa.selenium.remote.HttpCommandExecutor.execute(HttpCommandExecutor.java:161)<br/>
					org.openqa.selenium.remote.service.DriverCommandExecutor.execute(DriverCommandExecutor.java:83)<br/>
					org.openqa.selenium.remote.RemoteWebDriver.execute(RemoteWebDriver.java:582)<br/>
					org.openqa.selenium.remote.RemoteWebDriver.get(RemoteWebDriver.java:282)<br/>
					crg.BaseClass.BaseClass.setup(BaseClass.java:63)<br/>
					java.base/jdk.internal.reflect.NativeMethodAccessorImpl.invoke0(Native Method)<br/>
					java.base/jdk.internal.reflect.NativeMethodAccessorImpl.invoke(NativeMethodAccessorImpl.java:62)<br/>
					java.base/jdk.internal.reflect.DelegatingMethodAccessorImpl.invoke(DelegatingMethodAccessorImpl.java:43)<br/>
					java.base/java.lang.reflect.Method.invoke(Method.java:566)<br/>
					org.testng.internal.MethodInvocationHelper.invokeMethod(MethodInvocationHelper.java:124)<br/>
					org.testng.internal.MethodInvocationHelper.invokeMethodConsideringTimeout(MethodInvocationHelper.java:59)<br/>
					org.testng.internal.Invoker.invokeConfigurationMethod(Invoker.java:451)<br/>
					org.testng.internal.Invoker.invokeConfigurations(Invoker.java:222)<br/>
					org.testng.internal.Invoker.invokeConfigurations(Invoker.java:142)<br/>
					org.testng.SuiteRunner.privateRun(SuiteRunner.java:401)<br/>
					org.testng.SuiteRunner.run(SuiteRunner.java:364)<br/>
					org.testng.SuiteRunnerWorker.runSuite(SuiteRunnerWorker.java:52)<br/>
					org.testng.SuiteRunnerWorker.run(SuiteRunnerWorker.java:84)<br/>
					org.testng.TestNG.runSuitesSequentially(TestNG.java:1187)<br/>
					org.testng.TestNG.runSuitesLocally(TestNG.java:1116)<br/>
					org.testng.TestNG.runSuites(TestNG.java:1028)<br/>
					org.testng.TestNG.run(TestNG.java:996)<br/>
					org.testng.remote.AbstractRemoteTestNG.run(AbstractRemoteTestNG.java:115)<br/>
					org.testng.remote.RemoteTestNG.initAndRun(RemoteTestNG.java:251)<br/>
					org.testng.remote.RemoteTestNG.main(RemoteTestNG.java:77)<br/>
						</div>
		</td>
	</div>
</tr>
					<tr>
	<td class="time">1632797745568</td>
	<td class="header skipped" colspan="4" onClick="toggleElement('b3b32d76-d91a-4964-8ca8-4d131a25cba5','block');changeSingleIcon('span-b3b32d76-d91a-4964-8ca8-4d131a25cba5');" title="Click to expand/collapse" style="cursor: pointer;">
	<div style="float:left;"><i>Class&nbsp;:&nbsp;</i>crg.Testcases.AddCustomer</div>
	<div style="float:right;">@Test @ with DataProvider : ["getData"] &nbsp;&nbsp;<span id='span-b3b32d76-d91a-4964-8ca8-4d131a25cba5' class="glyphicon glyphicon-menu-down"></span></div>
	</td>
	</tr>
<tr>
	<td class="time">1632797745568</td>
	<td class="methodTest">
		<span class="description"><b>Method: </b>addCustomer</span><br>
							<span class="duration"><b>Duration: </b>0.000s</span><br>
	</td>
	<td class="result">
		 									<div class="stackTrace" id="b3b32d76-d91a-4964-8ca8-4d131a25cba5" style="display: block;">
						<a href="javascript:toggleElement('exception-b3b32d76-d91a-4964-8ca8-4d131a25cba5','block')" title="Click to expand/collapse"><b>org.openqa.selenium.WebDriverException: unknown error: net::ERR_INTERNET_DISCONNECTED<br/>
&nbsp; (Session info: chrome=94.0.4606.61)<br/>
Build info: version: &apos;4.0.0-alpha-5&apos;, revision: &apos;b3a0d621cc&apos;<br/>
System info: host: &apos;LAPTOP-3QU9VO6Q&apos;, ip: &apos;127.0.0.1&apos;, os.name: &apos;Windows 10&apos;, os.arch: &apos;amd64&apos;, os.version: &apos;10.0&apos;, java.version: &apos;11.0.12&apos;<br/>
Driver info: org.openqa.selenium.chrome.ChromeDriver<br/>
Capabilities {acceptInsecureCerts: false, browserName: chrome, browserVersion: 94.0.4606.61, chrome: {chromedriverVersion: 94.0.4606.41 (333e85df3c9b6..., userDataDir: C:\Users\NANDKU~1\AppData\L...}, goog:chromeOptions: {debuggerAddress: localhost:54657}, javascriptEnabled: true, networkConnectionEnabled: false, pageLoadStrategy: normal, platform: WINDOWS, platformName: WINDOWS, proxy: Proxy(), setWindowRect: true, strictFileInteractability: false, timeouts: {implicit: 0, pageLoad: 300000, script: 30000}, unhandledPromptBehavior: dismiss and notify, webauthn:extension:credBlob: true, webauthn:extension:largeBlob: true, webauthn:virtualAuthenticators: true}<br/>
Session ID: e67f6724ec7857d4c7075722d92ae7ae</b></a><br/>
		<div class="stackTrace" id="exception-b3b32d76-d91a-4964-8ca8-4d131a25cba5">
					java.base/jdk.internal.reflect.NativeConstructorAccessorImpl.newInstance0(Native Method)<br/>
					java.base/jdk.internal.reflect.NativeConstructorAccessorImpl.newInstance(NativeConstructorAccessorImpl.java:62)<br/>
					java.base/jdk.internal.reflect.DelegatingConstructorAccessorImpl.newInstance(DelegatingConstructorAccessorImpl.java:45)<br/>
					java.base/java.lang.reflect.Constructor.newInstance(Constructor.java:490)<br/>
					org.openqa.selenium.remote.codec.w3c.W3CHttpResponseCodec.createException(W3CHttpResponseCodec.java:196)<br/>
					org.openqa.selenium.remote.codec.w3c.W3CHttpResponseCodec.decode(W3CHttpResponseCodec.java:129)<br/>
					org.openqa.selenium.remote.codec.w3c.W3CHttpResponseCodec.decode(W3CHttpResponseCodec.java:53)<br/>
					org.openqa.selenium.remote.HttpCommandExecutor.execute(HttpCommandExecutor.java:161)<br/>
					org.openqa.selenium.remote.service.DriverCommandExecutor.execute(DriverCommandExecutor.java:83)<br/>
					org.openqa.selenium.remote.RemoteWebDriver.execute(RemoteWebDriver.java:582)<br/>
					org.openqa.selenium.remote.RemoteWebDriver.get(RemoteWebDriver.java:282)<br/>
					crg.BaseClass.BaseClass.setup(BaseClass.java:63)<br/>
					java.base/jdk.internal.reflect.NativeMethodAccessorImpl.invoke0(Native Method)<br/>
					java.base/jdk.internal.reflect.NativeMethodAccessorImpl.invoke(NativeMethodAccessorImpl.java:62)<br/>
					java.base/jdk.internal.reflect.DelegatingMethodAccessorImpl.invoke(DelegatingMethodAccessorImpl.java:43)<br/>
					java.base/java.lang.reflect.Method.invoke(Method.java:566)<br/>
					org.testng.internal.MethodInvocationHelper.invokeMethod(MethodInvocationHelper.java:124)<br/>
					org.testng.internal.MethodInvocationHelper.invokeMethodConsideringTimeout(MethodInvocationHelper.java:59)<br/>
					org.testng.internal.Invoker.invokeConfigurationMethod(Invoker.java:451)<br/>
					org.testng.internal.Invoker.invokeConfigurations(Invoker.java:222)<br/>
					org.testng.internal.Invoker.invokeConfigurations(Invoker.java:142)<br/>
					org.testng.SuiteRunner.privateRun(SuiteRunner.java:401)<br/>
					org.testng.SuiteRunner.run(SuiteRunner.java:364)<br/>
					org.testng.SuiteRunnerWorker.runSuite(SuiteRunnerWorker.java:52)<br/>
					org.testng.SuiteRunnerWorker.run(SuiteRunnerWorker.java:84)<br/>
					org.testng.TestNG.runSuitesSequentially(TestNG.java:1187)<br/>
					org.testng.TestNG.runSuitesLocally(TestNG.java:1116)<br/>
					org.testng.TestNG.runSuites(TestNG.java:1028)<br/>
					org.testng.TestNG.run(TestNG.java:996)<br/>
					org.testng.remote.AbstractRemoteTestNG.run(AbstractRemoteTestNG.java:115)<br/>
					org.testng.remote.RemoteTestNG.initAndRun(RemoteTestNG.java:251)<br/>
					org.testng.remote.RemoteTestNG.main(RemoteTestNG.java:77)<br/>
						</div>
		</td>
	</div>
</tr>
					<tr>
	<td class="time">1632797745571</td>
	<td class="header skipped" colspan="4" onClick="toggleElement('31633ad8-3cc7-4415-9aa5-c542a41bbef9','block');changeSingleIcon('span-31633ad8-3cc7-4415-9aa5-c542a41bbef9');" title="Click to expand/collapse" style="cursor: pointer;">
	<div style="float:left;"><i>Class&nbsp;:&nbsp;</i>crg.Testcases.AddCustomer</div>
	<div style="float:right;">@Test @ with DataProvider : ["getData"] &nbsp;&nbsp;<span id='span-31633ad8-3cc7-4415-9aa5-c542a41bbef9' class="glyphicon glyphicon-menu-down"></span></div>
	</td>
	</tr>
<tr>
	<td class="time">1632797745571</td>
	<td class="methodTest">
		<span class="description"><b>Method: </b>addCustomer</span><br>
							<span class="duration"><b>Duration: </b>0.000s</span><br>
	</td>
	<td class="result">
		 									<div class="stackTrace" id="31633ad8-3cc7-4415-9aa5-c542a41bbef9" style="display: block;">
												==============================================================================================<br>
												Total Passed: 0(+0), Failures: 0(+0), Skips: 5(+3)<br>
												==============================================================================================<br>
												==============================================================================================<br>
												Total Passed: 0(+0), Failures: 0(+0), Skips: 8(+3)<br>
												==============================================================================================<br>
									<a href="javascript:toggleElement('exception-31633ad8-3cc7-4415-9aa5-c542a41bbef9','block')" title="Click to expand/collapse"><b>org.openqa.selenium.WebDriverException: unknown error: net::ERR_INTERNET_DISCONNECTED<br/>
&nbsp; (Session info: chrome=94.0.4606.61)<br/>
Build info: version: &apos;4.0.0-alpha-5&apos;, revision: &apos;b3a0d621cc&apos;<br/>
System info: host: &apos;LAPTOP-3QU9VO6Q&apos;, ip: &apos;127.0.0.1&apos;, os.name: &apos;Windows 10&apos;, os.arch: &apos;amd64&apos;, os.version: &apos;10.0&apos;, java.version: &apos;11.0.12&apos;<br/>
Driver info: org.openqa.selenium.chrome.ChromeDriver<br/>
Capabilities {acceptInsecureCerts: false, browserName: chrome, browserVersion: 94.0.4606.61, chrome: {chromedriverVersion: 94.0.4606.41 (333e85df3c9b6..., userDataDir: C:\Users\NANDKU~1\AppData\L...}, goog:chromeOptions: {debuggerAddress: localhost:54657}, javascriptEnabled: true, networkConnectionEnabled: false, pageLoadStrategy: normal, platform: WINDOWS, platformName: WINDOWS, proxy: Proxy(), setWindowRect: true, strictFileInteractability: false, timeouts: {implicit: 0, pageLoad: 300000, script: 30000}, unhandledPromptBehavior: dismiss and notify, webauthn:extension:credBlob: true, webauthn:extension:largeBlob: true, webauthn:virtualAuthenticators: true}<br/>
Session ID: e67f6724ec7857d4c7075722d92ae7ae</b></a><br/>
		<div class="stackTrace" id="exception-31633ad8-3cc7-4415-9aa5-c542a41bbef9">
					java.base/jdk.internal.reflect.NativeConstructorAccessorImpl.newInstance0(Native Method)<br/>
					java.base/jdk.internal.reflect.NativeConstructorAccessorImpl.newInstance(NativeConstructorAccessorImpl.java:62)<br/>
					java.base/jdk.internal.reflect.DelegatingConstructorAccessorImpl.newInstance(DelegatingConstructorAccessorImpl.java:45)<br/>
					java.base/java.lang.reflect.Constructor.newInstance(Constructor.java:490)<br/>
					org.openqa.selenium.remote.codec.w3c.W3CHttpResponseCodec.createException(W3CHttpResponseCodec.java:196)<br/>
					org.openqa.selenium.remote.codec.w3c.W3CHttpResponseCodec.decode(W3CHttpResponseCodec.java:129)<br/>
					org.openqa.selenium.remote.codec.w3c.W3CHttpResponseCodec.decode(W3CHttpResponseCodec.java:53)<br/>
					org.openqa.selenium.remote.HttpCommandExecutor.execute(HttpCommandExecutor.java:161)<br/>
					org.openqa.selenium.remote.service.DriverCommandExecutor.execute(DriverCommandExecutor.java:83)<br/>
					org.openqa.selenium.remote.RemoteWebDriver.execute(RemoteWebDriver.java:582)<br/>
					org.openqa.selenium.remote.RemoteWebDriver.get(RemoteWebDriver.java:282)<br/>
					crg.BaseClass.BaseClass.setup(BaseClass.java:63)<br/>
					java.base/jdk.internal.reflect.NativeMethodAccessorImpl.invoke0(Native Method)<br/>
					java.base/jdk.internal.reflect.NativeMethodAccessorImpl.invoke(NativeMethodAccessorImpl.java:62)<br/>
					java.base/jdk.internal.reflect.DelegatingMethodAccessorImpl.invoke(DelegatingMethodAccessorImpl.java:43)<br/>
					java.base/java.lang.reflect.Method.invoke(Method.java:566)<br/>
					org.testng.internal.MethodInvocationHelper.invokeMethod(MethodInvocationHelper.java:124)<br/>
					org.testng.internal.MethodInvocationHelper.invokeMethodConsideringTimeout(MethodInvocationHelper.java:59)<br/>
					org.testng.internal.Invoker.invokeConfigurationMethod(Invoker.java:451)<br/>
					org.testng.internal.Invoker.invokeConfigurations(Invoker.java:222)<br/>
					org.testng.internal.Invoker.invokeConfigurations(Invoker.java:142)<br/>
					org.testng.SuiteRunner.privateRun(SuiteRunner.java:401)<br/>
					org.testng.SuiteRunner.run(SuiteRunner.java:364)<br/>
					org.testng.SuiteRunnerWorker.runSuite(SuiteRunnerWorker.java:52)<br/>
					org.testng.SuiteRunnerWorker.run(SuiteRunnerWorker.java:84)<br/>
					org.testng.TestNG.runSuitesSequentially(TestNG.java:1187)<br/>
					org.testng.TestNG.runSuitesLocally(TestNG.java:1116)<br/>
					org.testng.TestNG.runSuites(TestNG.java:1028)<br/>
					org.testng.TestNG.run(TestNG.java:996)<br/>
					org.testng.remote.AbstractRemoteTestNG.run(AbstractRemoteTestNG.java:115)<br/>
					org.testng.remote.RemoteTestNG.initAndRun(RemoteTestNG.java:251)<br/>
					org.testng.remote.RemoteTestNG.main(RemoteTestNG.java:77)<br/>
						</div>
		</td>
	</div>
</tr>
						
			  
	</tbody>
	</table>
</div>
</body>
</html>
