<?xml version="1.0" encoding="UTF-8"?>
<testsuite name="Test2"
           tests="3"
           failures="0"
           errors="0"
           skipped="3"
           time="3.738">
  <properties />
  
            <testcase name="addCustomer" time="0.0" classname="crg.Testcases.AddCustomer">
          <skipped />
    </testcase>
            <testcase name="addCustomer" time="0.0" classname="crg.Testcases.AddCustomer">
          <skipped />
    </testcase>
            <testcase name="addCustomer" time="0.0" classname="crg.Testcases.AddCustomer">
          <skipped />
    </testcase>
  
  
</testsuite>
