<?xml version="1.0" encoding="UTF-8"?>
<!-- Generated by org.testng.reporters.JUnitXMLReporter -->
<testsuite ignored="0" hostname="Nandkumars" failures="2" tests="3" name="Test" time="0.059" errors="0" timestamp="27 Aug 2021 18:41:39 GMT">
  <testcase classname="testngListeners.TestFailForlistner" name="login" time="0.013">
    <failure type="java.lang.AssertionError" message="Failing Test">
      <![CDATA[java.lang.AssertionError: Failing Testat testngListeners.TestFailForlistner.login(TestFailForlistner.java:13)... Removed 26 stack frames]]>
    </failure>
  </testcase> <!-- login -->
  <testcase classname="testng.TestFailForlistner" name="Passed" time="0.001"/>
  <testcase classname="testng.TestFailForlistner" name="login" time="0.001">
    <failure type="java.lang.AssertionError" message="Failing Test">
      <![CDATA[java.lang.AssertionError: Failing Testat testng.TestFailForlistner.login(TestFailForlistner.java:13)... Removed 26 stack frames]]>
    </failure>
  </testcase> <!-- login -->
</testsuite> <!-- Test -->
