<?xml version="1.0" encoding="UTF-8"?>
<!-- Generated by org.testng.reporters.JUnitXMLReporter -->
<testsuite ignored="0" hostname="LAPTOP-3QU9VO6Q" failures="1" tests="2" name="Test1" time="6.395" errors="0" timestamp="28 Sep 2021 10:08:07 GMT">
  <testcase classname="crg.Testcases.Login" name="login" time="6.14"/>
  <testcase classname="crg.Testcases.Login" name="login" time="6.279">
    <failure type="java.lang.NullPointerException">
      <![CDATA[java.lang.NullPointerExceptionat java.base/java.io.File.<init>(File.java:278)at crg.Utilities.ScreenShot.takeScreenShot(ScreenShot.java:20)at crg.Liteners.Customlisteners.onTestSuccess(Customlisteners.java:23)... Removed 22 stack frames]]>
    </failure>
  </testcase> <!-- login -->
</testsuite> <!-- Test1 -->
