<?xml version="1.0" encoding="UTF-8"?>
<!-- Generated by org.testng.reporters.JUnitXMLReporter -->
<testsuite ignored="0" hostname="LAPTOP-3QU9VO6Q" failures="0" tests="3" name="Test2" time="53.884" errors="0" timestamp="28 Sep 2021 13:18:44 GMT">
  <testcase classname="crg.TestCases.AddCustomer" name="addCustomer" time="17.805"/>
  <testcase classname="crg.TestCases.AddCustomer" name="addCustomer" time="17.596"/>
  <testcase classname="crg.TestCases.AddCustomer" name="addCustomer" time="17.533"/>
</testsuite> <!-- Test2 -->
