<?xml version="1.0" encoding="UTF-8"?>
<!-- Generated by org.testng.reporters.JUnitXMLReporter -->
<testsuite ignored="0" hostname="Nandkumars" failures="1" tests="1" name="Test" time="3.133" errors="0" timestamp="04 Sep 2021 14:41:28 GMT">
  <testcase classname="crg.Testcases.LoginTest" name="loginAsManager" time="3.111">
    <failure type="java.lang.IllegalArgumentException" message="Cannot find elements when the selector is null">
      <![CDATA[java.lang.IllegalArgumentException: Cannot find elements when the selector is nullat org.openqa.selenium.By$ByCssSelector.<init>(By.java:485)at org.openqa.selenium.By.cssSelector(By.java:122)at crg.Testcases.LoginTest.loginAsManager(LoginTest.java:21)... Removed 25 stack frames]]>
    </failure>
  </testcase> <!-- loginAsManager -->
</testsuite> <!-- Test -->
