<?xml version="1.0" encoding="UTF-8"?>
<!-- Generated by org.testng.reporters.JUnitXMLReporter -->
<testsuite ignored="0" hostname="LAPTOP-3QU9VO6Q" failures="0" tests="1" name="Test1" time="0.038" errors="0" timestamp="27 Sep 2021 19:14:42 GMT">
  <testcase classname="crg.BaseClasses.TestBase" name="@BeforeSuite setUp" time="3.926">
    <failure type="org.openqa.selenium.SessionNotCreatedException" message="session not created: This version of ChromeDriver only supports Chrome version 92
Current browser version is 94.0.4606.61 with binary path C:\Program Files\Google\Chrome\Application\chrome.exe
Build info: version: &amp;apos;4.0.0-alpha-5&amp;apos;, revision: &amp;apos;b3a0d621cc&amp;apos;
System info: host: &amp;apos;LAPTOP-3QU9VO6Q&amp;apos;, ip: &amp;apos;192.168.19.249&amp;apos;, os.name: &amp;apos;Windows 10&amp;apos;, os.arch: &amp;apos;amd64&amp;apos;, os.version: &amp;apos;10.0&amp;apos;, java.version: &amp;apos;11.0.12&amp;apos;
Driver info: driver.version: ChromeDriver
remote stacktrace: Backtrace:
	Ordinal0 [0x00712A33+2501171]
	Ordinal0 [0x006AD1C1+2085313]
	Ordinal0 [0x005B1FA8+1056680]
	Ordinal0 [0x005D020A+1180170]
	Ordinal0 [0x005CC125+1163557]
	Ordinal0 [0x005C997F+1153407]
	Ordinal0 [0x005F999F+1350047]
	Ordinal0 [0x005F960A+1349130]
	Ordinal0 [0x005F551B+1332507]
	Ordinal0 [0x005D1D74+1187188]
	Ordinal0 [0x005D2BD9+1190873]
	GetHandleVerifier [0x0088EFE6+1504438]
	GetHandleVerifier [0x0093DDA5+2220661]
	GetHandleVerifier [0x00795589+481881]
	GetHandleVerifier [0x00794639+477961]
	Ordinal0 [0x006B28BD+2107581]
	Ordinal0 [0x006B6728+2123560]
	Ordinal0 [0x006B6862+2123874]
	Ordinal0 [0x006BFA81+2161281]
	BaseThreadInitThunk [0x7594FA29+25]
	RtlGetAppContainerNamedObjectPath [0x776B7A9E+286]
	RtlGetAppContainerNamedObjectPath [0x776B7A6E+238]
">
      <![CDATA[org.openqa.selenium.SessionNotCreatedException: session not created: This version of ChromeDriver only supports Chrome version 92
Current browser version is 94.0.4606.61 with binary path C:\Program Files\Google\Chrome\Application\chrome.exe
Build info: version: '4.0.0-alpha-5', revision: 'b3a0d621cc'
System info: host: 'LAPTOP-3QU9VO6Q', ip: '192.168.19.249', os.name: 'Windows 10', os.arch: 'amd64', os.version: '10.0', java.version: '11.0.12'
Driver info: driver.version: ChromeDriver
remote stacktrace: Backtrace:
Ordinal0 [0x00712A33+2501171]
Ordinal0 [0x006AD1C1+2085313]
Ordinal0 [0x005B1FA8+1056680]
Ordinal0 [0x005D020A+1180170]
Ordinal0 [0x005CC125+1163557]
Ordinal0 [0x005C997F+1153407]
Ordinal0 [0x005F999F+1350047]
Ordinal0 [0x005F960A+1349130]
Ordinal0 [0x005F551B+1332507]
Ordinal0 [0x005D1D74+1187188]
Ordinal0 [0x005D2BD9+1190873]
GetHandleVerifier [0x0088EFE6+1504438]
GetHandleVerifier [0x0093DDA5+2220661]
GetHandleVerifier [0x00795589+481881]
GetHandleVerifier [0x00794639+477961]
Ordinal0 [0x006B28BD+2107581]
Ordinal0 [0x006B6728+2123560]
Ordinal0 [0x006B6862+2123874]
Ordinal0 [0x006BFA81+2161281]
BaseThreadInitThunk [0x7594FA29+25]
RtlGetAppContainerNamedObjectPath [0x776B7A9E+286]
RtlGetAppContainerNamedObjectPath [0x776B7A6E+238]

at org.openqa.selenium.remote.W3CHandshakeResponse.lambda$errorHandler$0(W3CHandshakeResponse.java:62)
at org.openqa.selenium.remote.HandshakeResponse.lambda$getResponseFunction$0(HandshakeResponse.java:30)
at org.openqa.selenium.remote.ProtocolHandshake.lambda$createSession$1(ProtocolHandshake.java:126)
at java.base/java.util.stream.ReferencePipeline$3$1.accept(ReferencePipeline.java:195)
at java.base/java.util.Spliterators$ArraySpliterator.tryAdvance(Spliterators.java:958)
at java.base/java.util.stream.ReferencePipeline.forEachWithCancel(ReferencePipeline.java:127)
at java.base/java.util.stream.AbstractPipeline.copyIntoWithCancel(AbstractPipeline.java:502)
at java.base/java.util.stream.AbstractPipeline.copyInto(AbstractPipeline.java:488)
at java.base/java.util.stream.AbstractPipeline.wrapAndCopyInto(AbstractPipeline.java:474)
at java.base/java.util.stream.FindOps$FindOp.evaluateSequential(FindOps.java:150)
at java.base/java.util.stream.AbstractPipeline.evaluate(AbstractPipeline.java:234)
at java.base/java.util.stream.ReferencePipeline.findFirst(ReferencePipeline.java:543)
at org.openqa.selenium.remote.ProtocolHandshake.createSession(ProtocolHandshake.java:128)
at org.openqa.selenium.remote.ProtocolHandshake.createSession(ProtocolHandshake.java:75)
at org.openqa.selenium.remote.HttpCommandExecutor.execute(HttpCommandExecutor.java:139)
at org.openqa.selenium.remote.service.DriverCommandExecutor.execute(DriverCommandExecutor.java:83)
at org.openqa.selenium.remote.RemoteWebDriver.execute(RemoteWebDriver.java:582)
at org.openqa.selenium.remote.RemoteWebDriver.startSession(RemoteWebDriver.java:216)
at org.openqa.selenium.remote.RemoteWebDriver.<init>(RemoteWebDriver.java:136)
at org.openqa.selenium.chromium.ChromiumDriver.<init>(ChromiumDriver.java:75)
at org.openqa.selenium.chrome.ChromeDriver.<init>(ChromeDriver.java:163)
at org.openqa.selenium.chrome.ChromeDriver.<init>(ChromeDriver.java:150)
at org.openqa.selenium.chrome.ChromeDriver.<init>(ChromeDriver.java:105)
at crg.BaseClasses.TestBase.setUp(TestBase.java:55)
... Removed 24 stack frames]]>
    </failure>
  </testcase> <!-- @BeforeSuite setUp -->
  <testcase classname="crg.Testcases.LoginTest" name="loginAsManager" time="0.0">
    <skipped/>
  </testcase> <!-- loginAsManager -->
</testsuite> <!-- Test1 -->
