<?xml version="1.0" encoding="UTF-8"?>
<!-- Generated by org.testng.reporters.JUnitReportReporter -->
<testsuite hostname="LAPTOP-3QU9VO6Q" failures="0" tests="4" name="crg.Testcases.AddCustomer" time="3.563" errors="1" timestamp="01 Feb 2026 14:52:54 GMT" skipped="3">
  <testcase classname="crg.Testcases.AddCustomer" name="addCustomer" time="0.000">
    <skipped/>
  </testcase> <!-- addCustomer -->
  <testcase classname="crg.Testcases.AddCustomer" name="addCustomer" time="0.000">
    <skipped/>
  </testcase> <!-- addCustomer -->
  <testcase classname="crg.Testcases.AddCustomer" name="setUp" time="3.563">
    <error message="unknown error: cannot find Chrome binary
Build info: version: &#039;4.0.0-alpha-5&#039;, revision: &#039;b3a0d621cc&#039;
System info: host: &#039;LAPTOP-3QU9VO6Q&#039;, ip: &#039;192.168.0.108&#039;, os.name: &#039;Windows 10&#039;, os.arch: &#039;amd64&#039;, os.version: &#039;10.0&#039;, java.version: &#039;11.0.12&#039;
Driver info: driver.version: ChromeDriver
remote stacktrace: Backtrace:
	Ordinal0 [0x007D2A33+2501171]
	Ordinal0 [0x0076D1C1+2085313]
	Ordinal0 [0x00671FA8+1056680]
	Ordinal0 [0x0068B31C+1159964]
	Ordinal0 [0x0068997F+1153407]
	Ordinal0 [0x006B999F+1350047]
	Ordinal0 [0x006B960A+1349130]
	Ordinal0 [0x006B551B+1332507]
	Ordinal0 [0x00691D74+1187188]
	Ordinal0 [0x00692BD9+1190873]
	GetHandleVerifier [0x0094EFE6+1504438]
	GetHandleVerifier [0x009FDDA5+2220661]
	GetHandleVerifier [0x00855589+481881]
	GetHandleVerifier [0x00854639+477961]
	Ordinal0 [0x007728BD+2107581]
	Ordinal0 [0x00776728+2123560]
	Ordinal0 [0x00776862+2123874]
	Ordinal0 [0x0077FA81+2161281]
	BaseThreadInitThunk [0x778A7BA9+25]
	RtlInitializeExceptionChain [0x77A6BD2B+107]
	RtlClearBits [0x77A6BCAF+191]
" type="org.openqa.selenium.WebDriverException">
      <![CDATA[org.openqa.selenium.WebDriverException: unknown error: cannot find Chrome binary
Build info: version: '4.0.0-alpha-5', revision: 'b3a0d621cc'
System info: host: 'LAPTOP-3QU9VO6Q', ip: '192.168.0.108', os.name: 'Windows 10', os.arch: 'amd64', os.version: '10.0', java.version: '11.0.12'
Driver info: driver.version: ChromeDriver
remote stacktrace: Backtrace:
Ordinal0 [0x007D2A33+2501171]
Ordinal0 [0x0076D1C1+2085313]
Ordinal0 [0x00671FA8+1056680]
Ordinal0 [0x0068B31C+1159964]
Ordinal0 [0x0068997F+1153407]
Ordinal0 [0x006B999F+1350047]
Ordinal0 [0x006B960A+1349130]
Ordinal0 [0x006B551B+1332507]
Ordinal0 [0x00691D74+1187188]
Ordinal0 [0x00692BD9+1190873]
GetHandleVerifier [0x0094EFE6+1504438]
GetHandleVerifier [0x009FDDA5+2220661]
GetHandleVerifier [0x00855589+481881]
GetHandleVerifier [0x00854639+477961]
Ordinal0 [0x007728BD+2107581]
Ordinal0 [0x00776728+2123560]
Ordinal0 [0x00776862+2123874]
Ordinal0 [0x0077FA81+2161281]
BaseThreadInitThunk [0x778A7BA9+25]
RtlInitializeExceptionChain [0x77A6BD2B+107]
RtlClearBits [0x77A6BCAF+191]

at java.base/jdk.internal.reflect.NativeConstructorAccessorImpl.newInstance0(Native Method)
at java.base/jdk.internal.reflect.NativeConstructorAccessorImpl.newInstance(NativeConstructorAccessorImpl.java:62)
at java.base/jdk.internal.reflect.DelegatingConstructorAccessorImpl.newInstance(DelegatingConstructorAccessorImpl.java:45)
at java.base/java.lang.reflect.Constructor.newInstance(Constructor.java:490)
at org.openqa.selenium.remote.W3CHandshakeResponse.lambda$errorHandler$0(W3CHandshakeResponse.java:62)
at org.openqa.selenium.remote.HandshakeResponse.lambda$getResponseFunction$0(HandshakeResponse.java:30)
at org.openqa.selenium.remote.ProtocolHandshake.lambda$createSession$1(ProtocolHandshake.java:126)
at java.base/java.util.stream.ReferencePipeline$3$1.accept(ReferencePipeline.java:195)
at java.base/java.util.Spliterators$ArraySpliterator.tryAdvance(Spliterators.java:958)
at java.base/java.util.stream.ReferencePipeline.forEachWithCancel(ReferencePipeline.java:127)
at java.base/java.util.stream.AbstractPipeline.copyIntoWithCancel(AbstractPipeline.java:502)
at java.base/java.util.stream.AbstractPipeline.copyInto(AbstractPipeline.java:488)
at java.base/java.util.stream.AbstractPipeline.wrapAndCopyInto(AbstractPipeline.java:474)
at java.base/java.util.stream.FindOps$FindOp.evaluateSequential(FindOps.java:150)
at java.base/java.util.stream.AbstractPipeline.evaluate(AbstractPipeline.java:234)
at java.base/java.util.stream.ReferencePipeline.findFirst(ReferencePipeline.java:543)
at org.openqa.selenium.remote.ProtocolHandshake.createSession(ProtocolHandshake.java:128)
at org.openqa.selenium.remote.ProtocolHandshake.createSession(ProtocolHandshake.java:75)
at org.openqa.selenium.remote.HttpCommandExecutor.execute(HttpCommandExecutor.java:139)
at org.openqa.selenium.remote.service.DriverCommandExecutor.execute(DriverCommandExecutor.java:83)
at org.openqa.selenium.remote.RemoteWebDriver.execute(RemoteWebDriver.java:582)
at org.openqa.selenium.remote.RemoteWebDriver.startSession(RemoteWebDriver.java:216)
at org.openqa.selenium.remote.RemoteWebDriver.<init>(RemoteWebDriver.java:136)
at org.openqa.selenium.chromium.ChromiumDriver.<init>(ChromiumDriver.java:75)
at org.openqa.selenium.chrome.ChromeDriver.<init>(ChromeDriver.java:163)
at org.openqa.selenium.chrome.ChromeDriver.<init>(ChromeDriver.java:150)
at org.openqa.selenium.chrome.ChromeDriver.<init>(ChromeDriver.java:105)
at crg.BaseClasses.TestBase.setUp(TestBase.java:55)
at java.base/jdk.internal.reflect.NativeMethodAccessorImpl.invoke0(Native Method)
at java.base/jdk.internal.reflect.NativeMethodAccessorImpl.invoke(NativeMethodAccessorImpl.java:62)
at java.base/jdk.internal.reflect.DelegatingMethodAccessorImpl.invoke(DelegatingMethodAccessorImpl.java:43)
at java.base/java.lang.reflect.Method.invoke(Method.java:566)
at org.testng.internal.MethodInvocationHelper.invokeMethod(MethodInvocationHelper.java:124)
at org.testng.internal.MethodInvocationHelper.invokeMethodConsideringTimeout(MethodInvocationHelper.java:59)
at org.testng.internal.Invoker.invokeConfigurationMethod(Invoker.java:458)
at org.testng.internal.Invoker.invokeConfigurations(Invoker.java:222)
at org.testng.internal.Invoker.invokeConfigurations(Invoker.java:142)
at org.testng.SuiteRunner.privateRun(SuiteRunner.java:401)
at org.testng.SuiteRunner.run(SuiteRunner.java:364)
at org.testng.SuiteRunnerWorker.runSuite(SuiteRunnerWorker.java:52)
at org.testng.SuiteRunnerWorker.run(SuiteRunnerWorker.java:84)
at org.testng.TestNG.runSuitesSequentially(TestNG.java:1208)
at org.testng.TestNG.runSuitesLocally(TestNG.java:1137)
at org.testng.TestNG.runSuites(TestNG.java:1049)
at org.testng.TestNG.run(TestNG.java:1017)
at org.testng.remote.AbstractRemoteTestNG.run(AbstractRemoteTestNG.java:115)
at org.testng.remote.RemoteTestNG.initAndRun(RemoteTestNG.java:251)
at org.testng.remote.RemoteTestNG.main(RemoteTestNG.java:77)
]]>
    </error>
  </testcase> <!-- setUp -->
  <testcase classname="crg.Testcases.AddCustomer" name="addCustomer" time="0.000">
    <skipped/>
  </testcase> <!-- addCustomer -->
</testsuite> <!-- crg.Testcases.AddCustomer -->
