<?xml version="1.0" encoding="UTF-8"?>
<!-- Generated by org.testng.reporters.JUnitXMLReporter -->
<testsuite ignored="0" hostname="Nandkumars" failures="3" tests="5" name="Test Assertion" time="0.022" errors="0" timestamp="27 Aug 2021 14:40:15 GMT">
  <testcase classname="testng2.Assersion" name="asserttest1" time="0.001">
    <failure type="java.lang.AssertionError" message="expected [Yahoo] but found [Gmail]">
      <![CDATA[java.lang.AssertionError: expected [Yahoo] but found [Gmail]at testng2.Assersion.asserttest1(Assersion.java:14)... Removed 32 stack frames]]>
    </failure>
  </testcase> <!-- asserttest1 -->
  <testcase classname="testng2.Assersion" name="asserttest2" time="0.0"/>
  <testcase classname="testng2.Assersion" name="asserttest3" time="0.0">
    <failure type="java.lang.AssertionError" message="expected [false] but found [true]">
      <![CDATA[java.lang.AssertionError: expected [false] but found [true]at testng2.Assersion.asserttest3(Assersion.java:35)... Removed 30 stack frames]]>
    </failure>
  </testcase> <!-- asserttest3 -->
  <testcase classname="testng2.Assersion" name="asserttest4" time="0.004">
    <failure type="java.lang.AssertionError" message="null">
      <![CDATA[java.lang.AssertionError: nullat testng2.Assersion.asserttest4(Assersion.java:58)... Removed 28 stack frames]]>
    </failure>
  </testcase> <!-- asserttest4 -->
  <testcase classname="testng2.Assersion" name="asserttest5" time="0.004"/>
</testsuite> <!-- Test Assertion -->
