<?xml version="1.0" encoding="UTF-8"?>
<!-- Generated by org.testng.reporters.JUnitXMLReporter -->
<testsuite ignored="0" hostname="Nandkumars" failures="0" tests="4" name="Test Dependancy" time="0.008" errors="0" timestamp="27 Aug 2021 14:40:15 GMT">
  <testcase classname="testng2.TestDependancy" name="userregistration" time="0.001"/>
  <testcase classname="testng2.TestDependancy" name="login" time="0.001"/>
  <testcase classname="testng2.TestDependancy" name="registerAgain" time="0.0"/>
  <testcase classname="testng2.TestDependancy" name="independentMethod" time="0.004"/>
</testsuite> <!-- Test Dependancy -->
