<?xml version="1.0" encoding="UTF-8"?>
<!-- Generated by org.testng.reporters.JUnitReportReporter -->
<testsuite hostname="Nandkumars" failures="0" tests="2" name="parameterization.TestParamaterizationWithExcel" time="0.033" errors="0" timestamp="28 Aug 2021 14:17:05 GMT" skipped="0">
  <testcase classname="parameterization.TestParamaterizationWithExcel" name="dataReciver" time="0.002"/>
  <testcase classname="parameterization.TestParamaterizationWithExcel" name="dataReciver" time="0.031"/>
</testsuite> <!-- parameterization.TestParamaterizationWithExcel -->
