<?xml version="1.0" encoding="UTF-8"?>
<!-- Generated by org.testng.reporters.JUnitReportReporter -->
<testsuite hostname="Nandkumars" failures="0" tests="4" name="testng2.TestDependancy" time="0.006" errors="0" timestamp="27 Aug 2021 17:04:20 GMT" skipped="0">
  <testcase classname="testng2.TestDependancy" name="userregistration" time="0.002"/>
  <testcase classname="testng2.TestDependancy" name="login" time="0.002"/>
  <testcase classname="testng2.TestDependancy" name="registerAgain" time="0.002"/>
  <testcase classname="testng2.TestDependancy" name="independentMethod" time="0.000"/>
</testsuite> <!-- testng2.TestDependancy -->
