<?xml version="1.0" encoding="UTF-8"?>
<!-- Generated by org.testng.reporters.JUnitReportReporter -->
<testsuite hostname="Nandkumars" failures="0" tests="2" name="paralellExcution.ParalleExecutionwithDataprovider" time="0.026" errors="0" timestamp="29 Aug 2021 13:24:32 GMT" skipped="0">
  <testcase classname="paralellExcution.ParalleExecutionwithDataprovider" name="getbrowser" time="0.013"/>
  <testcase classname="paralellExcution.ParalleExecutionwithDataprovider" name="getbrowser" time="0.013"/>
</testsuite> <!-- paralellExcution.ParalleExecutionwithDataprovider -->
