<?xml version="1.0" encoding="UTF-8"?>
<!-- Generated by org.testng.reporters.JUnitReportReporter -->
<testsuite hostname="Nandkumars" failures="0" tests="3" name="parameterization.TestParameterization" time="0.012" errors="0" timestamp="27 Aug 2021 19:09:58 GMT" skipped="0">
  <testcase classname="parameterization.TestParameterization" name="login" time="0.001"/>
  <testcase classname="parameterization.TestParameterization" name="login" time="0.001"/>
  <testcase classname="parameterization.TestParameterization" name="login" time="0.010"/>
</testsuite> <!-- parameterization.TestParameterization -->
