<?xml version="1.0" encoding="UTF-8"?>
<!-- Generated by org.testng.reporters.JUnitReportReporter -->
<testsuite hostname="Nandkumars" failures="0" tests="4" name="testng.TestDependancy" time="0.004" errors="0" timestamp="27 Aug 2021 14:40:16 GMT" skipped="0">
  <testcase classname="testng.TestDependancy" name="userregistration" time="0.000"/>
  <testcase classname="testng.TestDependancy" name="login" time="0.001"/>
  <testcase classname="testng.TestDependancy" name="registerAgain" time="0.002"/>
  <testcase classname="testng.TestDependancy" name="independentMethod" time="0.001"/>
</testsuite> <!-- testng.TestDependancy -->
