<?xml version="1.0" encoding="UTF-8"?>
<!-- Generated by org.testng.reporters.JUnitReportReporter -->
<testsuite hostname="Nandkumars" failures="0" tests="4" name="parameterization.MultipleDataReciver" time="0.020" errors="0" timestamp="28 Aug 2021 12:23:32 GMT" skipped="0">
  <testcase classname="parameterization.MultipleDataReciver" name="getName" time="0.001"/>
  <testcase classname="parameterization.MultipleDataReciver" name="getDetailName" time="0.002"/>
  <testcase classname="parameterization.MultipleDataReciver" name="getDetailName" time="0.013"/>
  <testcase classname="parameterization.MultipleDataReciver" name="getName" time="0.004"/>
</testsuite> <!-- parameterization.MultipleDataReciver -->
