<?xml version="1.0" encoding="UTF-8"?>
<!-- Generated by org.testng.reporters.JUnitReportReporter -->
<testsuite hostname="Nandkumars" failures="0" tests="3" name="testng.GroupingTest" time="0.006" errors="0" timestamp="27 Aug 2021 16:06:39 GMT" skipped="0">
  <testcase classname="testng.GroupingTest" name="userregistration" time="0.001"/>
  <testcase classname="testng.GroupingTest" name="login" time="0.002"/>
  <testcase classname="testng.GroupingTest" name="nogroup" time="0.003"/>
</testsuite> <!-- testng.GroupingTest -->
