<?xml version="1.0" encoding="UTF-8"?>
<!-- Generated by org.testng.reporters.JUnitXMLReporter -->
<testsuite ignored="0" hostname="LAPTOP-3QU9VO6Q" failures="1" tests="1" name="Test" time="0.159" errors="0" timestamp="2021-09-20T21:14:24 IST">
  <testcase classname="roughWork.BaseClass" name="login" time="0.021">
    <failure type="java.lang.NullPointerException">
      <![CDATA[java.lang.NullPointerException
at roughWork.BaseClass.login(BaseClass.java:59)
at java.base/java.util.ArrayList.forEach(ArrayList.java:1541)
... Removed 27 stack frames]]>
    </failure>
  </testcase> <!-- login -->
</testsuite> <!-- Test -->
