<?xml version="1.0" encoding="UTF-8"?>
<!-- Generated by org.testng.reporters.JUnitXMLReporter -->
<testsuite ignored="0" hostname="Nandkumars" failures="3" tests="5" name="Assertion Test" time="0.034" errors="0" timestamp="27 Aug 2021 13:00:34 GMT">
  <testcase classname="testng.Assersion" name="asserttest1" time="0.004">
    <failure type="java.lang.AssertionError" message="expected [Yahoo] but found [Gmail]">
      <![CDATA[java.lang.AssertionError: expected [Yahoo] but found [Gmail]at testng.Assersion.asserttest1(Assersion.java:14)... Removed 31 stack frames]]>
    </failure>
  </testcase> <!-- asserttest1 -->
  <testcase classname="testng.Assersion" name="asserttest2" time="0.002"/>
  <testcase classname="testng.Assersion" name="asserttest3" time="0.003">
    <failure type="java.lang.AssertionError" message="expected [false] but found [true]">
      <![CDATA[java.lang.AssertionError: expected [false] but found [true]at testng.Assersion.asserttest3(Assersion.java:35)... Removed 29 stack frames]]>
    </failure>
  </testcase> <!-- asserttest3 -->
  <testcase classname="testng.Assersion" name="asserttest4" time="0.002">
    <failure type="java.lang.AssertionError" message="null">
      <![CDATA[java.lang.AssertionError: nullat testng.Assersion.asserttest4(Assersion.java:58)... Removed 27 stack frames]]>
    </failure>
  </testcase> <!-- asserttest4 -->
  <testcase classname="testng.Assersion" name="asserttest5" time="0.004"/>
</testsuite> <!-- Assertion Test -->
