<?xml version="1.0" encoding="UTF-8"?>
<!-- Generated by org.testng.reporters.JUnitXMLReporter -->
<testsuite ignored="0" hostname="Nandkumars" failures="1" tests="3" name="Test" time="0.055" errors="0" timestamp="30 Aug 2021 10:35:14 GMT">
  <testcase classname="screenshotOnTestfailure.ReRunTest" name="login" time="0.011"/>
  <testcase classname="screenshotOnTestfailure.ReRunTest" name="registration" time="0.003">
    <skipped/>
  </testcase> <!-- registration -->
  <testcase classname="screenshotOnTestfailure.ReRunTest" name="registration" time="0.001">
    <failure type="java.lang.AssertionError" message="expected [4] but found [2]">
      <![CDATA[java.lang.AssertionError: expected [4] but found [2]at screenshotOnTestfailure.ReRunTest.registration(ReRunTest.java:24)... Removed 31 stack frames]]>
    </failure>
  </testcase> <!-- registration -->
</testsuite> <!-- Test -->
