<?xml version="1.0" encoding="UTF-8"?>
<!-- Generated by org.testng.reporters.JUnitXMLReporter -->
<testsuite ignored="0" hostname="Nandkumars" failures="0" tests="4" name="Test Dependancy" time="0.02" errors="0" timestamp="27 Aug 2021 17:04:20 GMT">
  <testcase classname="testng2.TestDependancy" name="userregistration" time="0.002"/>
  <testcase classname="testng2.TestDependancy" name="login" time="0.002"/>
  <testcase classname="testng2.TestDependancy" name="registerAgain" time="0.002"/>
  <testcase classname="testng2.TestDependancy" name="independentMethod" time="0.0"/>
</testsuite> <!-- Test Dependancy -->
