<?xml version="1.0" encoding="UTF-8"?>
<testng-results ignored="0" total="4" passed="4" failed="0" skipped="0">
  <reporter-output>
  </reporter-output>
  <suite started-at="2021-12-01T16:44:46Z" name="Default suite" finished-at="2021-12-01T16:45:13Z" duration-ms="27238">
    <groups>
    </groups>
    <test started-at="2021-12-01T16:44:46Z" name="Default test" finished-at="2021-12-01T16:45:13Z" duration-ms="27238">
      <class name="dataProvider.DataProvider">
        <test-method signature="getData(java.lang.String, java.lang.String)[pri:0, instance:dataProvider.DataProvider@3148f668]" started-at="2021-12-01T16:44:46Z" name="getData" data-provider="setData" finished-at="2021-12-01T16:44:54Z" duration-ms="8682" status="PASS">
          <params>
            <param index="0">
              <value>
                <![CDATA[admin]]>
              </value>
            </param>
            <param index="1">
              <value>
                <![CDATA[admin]]>
              </value>
            </param>
          </params>
          <reporter-output>
          </reporter-output>
        </test-method> <!-- getData -->
        <test-method signature="getData(java.lang.String, java.lang.String)[pri:0, instance:dataProvider.DataProvider@3148f668]" started-at="2021-12-01T16:44:54Z" name="getData" data-provider="setData" finished-at="2021-12-01T16:45:00Z" duration-ms="5815" status="PASS">
          <params>
            <param index="0">
              <value>
                <![CDATA[amol]]>
              </value>
            </param>
            <param index="1">
              <value>
                <![CDATA[amol123]]>
              </value>
            </param>
          </params>
          <reporter-output>
          </reporter-output>
        </test-method> <!-- getData -->
        <test-method signature="getData(java.lang.String, java.lang.String)[pri:0, instance:dataProvider.DataProvider@3148f668]" started-at="2021-12-01T16:45:00Z" name="getData" data-provider="setData" finished-at="2021-12-01T16:45:07Z" duration-ms="6278" status="PASS">
          <params>
            <param index="0">
              <value>
                <![CDATA[deepa]]>
              </value>
            </param>
            <param index="1">
              <value>
                <![CDATA[deepa123]]>
              </value>
            </param>
          </params>
          <reporter-output>
          </reporter-output>
        </test-method> <!-- getData -->
        <test-method signature="getData(java.lang.String, java.lang.String)[pri:0, instance:dataProvider.DataProvider@3148f668]" started-at="2021-12-01T16:45:07Z" name="getData" data-provider="setData" finished-at="2021-12-01T16:45:13Z" duration-ms="6407" status="PASS">
          <params>
            <param index="0">
              <value>
                <![CDATA[amar]]>
              </value>
            </param>
            <param index="1">
              <value>
                <![CDATA[amar123]]>
              </value>
            </param>
          </params>
          <reporter-output>
          </reporter-output>
        </test-method> <!-- getData -->
      </class> <!-- dataProvider.DataProvider -->
    </test> <!-- Default test -->
  </suite> <!-- Default suite -->
</testng-results>
