<?xml version="1.0" encoding="UTF-8"?>
<!-- Generated by org.testng.reporters.JUnitXMLReporter -->
<testsuite ignored="3" hostname="Nandkumars" failures="3" tests="9" name="Test" time="0.108" errors="0" timestamp="27 Aug 2021 16:06:39 GMT">
  <testcase classname="testng.SoftAssertTest" name="method1" time="0.016"/>
  <testcase classname="testng2.Assersion" name="asserttest1" time="0.002">
    <failure type="java.lang.AssertionError" message="expected [Yahoo] but found [Gmail]">
      <![CDATA[java.lang.AssertionError: expected [Yahoo] but found [Gmail]at testng2.Assersion.asserttest1(Assersion.java:14)... Removed 31 stack frames]]>
    </failure>
  </testcase> <!-- asserttest1 -->
  <testcase classname="testng2.Assersion" name="asserttest2" time="0.004"/>
  <testcase classname="testng2.Assersion" name="asserttest3" time="0.002">
    <failure type="java.lang.AssertionError" message="expected [false] but found [true]">
      <![CDATA[java.lang.AssertionError: expected [false] but found [true]at testng2.Assersion.asserttest3(Assersion.java:35)... Removed 29 stack frames]]>
    </failure>
  </testcase> <!-- asserttest3 -->
  <testcase classname="testng2.Assersion" name="asserttest4" time="0.004">
    <failure type="java.lang.AssertionError" message="null">
      <![CDATA[java.lang.AssertionError: nullat testng2.Assersion.asserttest4(Assersion.java:58)... Removed 27 stack frames]]>
    </failure>
  </testcase> <!-- asserttest4 -->
  <testcase classname="testng2.Assersion" name="asserttest5" time="0.005"/>
  <testcase classname="testng.GroupingTest" name="nogroup" time="0.003"/>
  <testcase classname="testng.GroupingTest" name="userregistration" time="0.001"/>
  <testcase classname="testng.GroupingTest" name="login" time="0.002"/>
  <testcase classname="testng.GroupingTest" name="registerAgain" time="0.0">
    <ignored/>
  </testcase> <!-- registerAgain -->
  <testcase classname="testng.GroupingTest" name="independentMethod" time="0.0">
    <ignored/>
  </testcase> <!-- independentMethod -->
  <testcase classname="testng.SoftAssertTest" name="method2" time="0.0">
    <ignored/>
  </testcase> <!-- method2 -->
</testsuite> <!-- Test -->
