<?xml version="1.0" encoding="UTF-8"?>
<testng-results ignored="0" total="1" passed="1" failed="0" skipped="0">
  <reporter-output>
  </reporter-output>
  <suite started-at="2026-02-02T06:29:31Z" name="Default suite" finished-at="2026-02-02T06:29:35Z" duration-ms="3188">
    <groups>
    </groups>
    <test started-at="2026-02-02T06:29:31Z" name="Default test" finished-at="2026-02-02T06:29:35Z" duration-ms="3188">
      <class name="crg.Testcases.LoginTest">
        <test-method is-config="true" signature="setUp()[pri:0, instance:crg.Testcases.LoginTest@173b9122]" started-at="2026-02-02T06:29:25Z" name="setUp" finished-at="2026-02-02T06:29:31Z" duration-ms="6588" status="PASS">
          <reporter-output>
          </reporter-output>
        </test-method> <!-- setUp -->
        <test-method signature="loginAsManager()[pri:0, instance:crg.Testcases.LoginTest@173b9122]" started-at="2026-02-02T06:29:31Z" name="loginAsManager" finished-at="2026-02-02T06:29:35Z" duration-ms="3164" status="PASS">
          <reporter-output>
          </reporter-output>
        </test-method> <!-- loginAsManager -->
        <test-method is-config="true" signature="tearDown()[pri:0, instance:crg.Testcases.LoginTest@173b9122]" started-at="2026-02-02T06:29:35Z" name="tearDown" finished-at="2026-02-02T06:29:36Z" duration-ms="880" status="PASS">
          <reporter-output>
          </reporter-output>
        </test-method> <!-- tearDown -->
      </class> <!-- crg.Testcases.LoginTest -->
    </test> <!-- Default test -->
  </suite> <!-- Default suite -->
</testng-results>
