<?xml version="1.0" encoding="UTF-8"?>
<!-- Generated by org.testng.reporters.JUnitReportReporter -->
<testsuite hostname="LAPTOP-3QU9VO6Q" failures="0" tests="4" name="dataProvider.DataProvider" time="27.182" errors="0" timestamp="01 Dec 2021 16:45:13 GMT" skipped="0">
  <testcase classname="dataProvider.DataProvider" name="getData" time="6.278"/>
  <testcase classname="dataProvider.DataProvider" name="getData" time="8.682"/>
  <testcase classname="dataProvider.DataProvider" name="getData" time="5.815"/>
  <testcase classname="dataProvider.DataProvider" name="getData" time="6.407"/>
</testsuite> <!-- dataProvider.DataProvider -->
